{"C:\\Users\\Marle\\OneDrive\\Escritorio\\notes-tailwind\\notes\\src\\components\\Home\\Home.jsx": {"path":"C:\\Users\\Marle\\OneDrive\\Escritorio\\notes-tailwind\\notes\\src\\components\\Home\\Home.jsx","statementMap":{"0":{"start":{"line":13,"column":19},"end":{"line":13,"column":32}},"1":{"start":{"line":14,"column":28},"end":{"line":14,"column":38}},"2":{"start":{"line":15,"column":26},"end":{"line":15,"column":36}},"3":{"start":{"line":16,"column":28},"end":{"line":16,"column":40}},"4":{"start":{"line":19,"column":4},"end":{"line":24,"column":41}},"5":{"start":{"line":21,"column":8},"end":{"line":21,"column":26}},"6":{"start":{"line":22,"column":8},"end":{"line":22,"column":12}},"7":{"start":{"line":24,"column":24},"end":{"line":24,"column":39}},"8":{"start":{"line":26,"column":18},"end":{"line":36,"column":3}},"9":{"start":{"line":27,"column":4},"end":{"line":35,"column":9}},"10":{"start":{"line":29,"column":8},"end":{"line":29,"column":26}},"11":{"start":{"line":30,"column":8},"end":{"line":30,"column":12}},"12":{"start":{"line":33,"column":8},"end":{"line":33,"column":12}},"13":{"start":{"line":34,"column":8},"end":{"line":34,"column":59}},"14":{"start":{"line":39,"column":4},"end":{"line":39,"column":23}},"15":{"start":{"line":40,"column":4},"end":{"line":40,"column":14}},"16":{"start":{"line":43,"column":2},"end":{"line":102,"column":4}},"17":{"start":{"line":66,"column":31},"end":{"line":66,"column":55}},"18":{"start":{"line":76,"column":31},"end":{"line":76,"column":54}}},"fnMap":{"0":{"name":"Home","decl":{"start":{"line":12,"column":24},"end":{"line":12,"column":28}},"loc":{"start":{"line":12,"column":31},"end":{"line":103,"column":1}},"line":12},"1":{"name":"loginInGoogle","decl":{"start":{"line":18,"column":11},"end":{"line":18,"column":24}},"loc":{"start":{"line":18,"column":27},"end":{"line":25,"column":3}},"line":18},"2":{"name":"(anonymous_2)","decl":{"start":{"line":20,"column":12},"end":{"line":20,"column":13}},"loc":{"start":{"line":20,"column":21},"end":{"line":23,"column":7}},"line":20},"3":{"name":"(anonymous_3)","decl":{"start":{"line":24,"column":13},"end":{"line":24,"column":14}},"loc":{"start":{"line":24,"column":24},"end":{"line":24,"column":39}},"line":24},"4":{"name":"(anonymous_4)","decl":{"start":{"line":26,"column":18},"end":{"line":26,"column":19}},"loc":{"start":{"line":26,"column":24},"end":{"line":36,"column":3}},"line":26},"5":{"name":"(anonymous_5)","decl":{"start":{"line":28,"column":12},"end":{"line":28,"column":13}},"loc":{"start":{"line":28,"column":21},"end":{"line":31,"column":7}},"line":28},"6":{"name":"(anonymous_6)","decl":{"start":{"line":32,"column":13},"end":{"line":32,"column":14}},"loc":{"start":{"line":32,"column":22},"end":{"line":35,"column":7}},"line":32},"7":{"name":"handleSubmit","decl":{"start":{"line":38,"column":11},"end":{"line":38,"column":23}},"loc":{"start":{"line":38,"column":27},"end":{"line":41,"column":3}},"line":38},"8":{"name":"(anonymous_8)","decl":{"start":{"line":66,"column":24},"end":{"line":66,"column":25}},"loc":{"start":{"line":66,"column":31},"end":{"line":66,"column":55}},"line":66},"9":{"name":"(anonymous_9)","decl":{"start":{"line":76,"column":24},"end":{"line":76,"column":25}},"loc":{"start":{"line":76,"column":31},"end":{"line":76,"column":54}},"line":76}},"branchMap":{"0":{"loc":{"start":{"line":64,"column":21},"end":{"line":64,"column":32}},"type":"binary-expr","locations":[{"start":{"line":64,"column":21},"end":{"line":64,"column":26}},{"start":{"line":64,"column":30},"end":{"line":64,"column":32}}],"line":64},"1":{"loc":{"start":{"line":74,"column":21},"end":{"line":74,"column":31}},"type":"binary-expr","locations":[{"start":{"line":74,"column":21},"end":{"line":74,"column":25}},{"start":{"line":74,"column":29},"end":{"line":74,"column":31}}],"line":74}},"s":{"0":8,"1":8,"2":8,"3":8,"4":2,"5":1,"6":1,"7":1,"8":8,"9":2,"10":1,"11":1,"12":1,"13":1,"14":2,"15":2,"16":8,"17":2,"18":1},"f":{"0":8,"1":2,"2":1,"3":1,"4":2,"5":1,"6":1,"7":2,"8":2,"9":1},"b":{"0":[8,5],"1":[8,7]},"_coverageSchema":"1a1c01bbd47fc00a2c39e90264f33305004495a9","hash":"13a46dda788f53db6da5d684e478a112b66611da"}
,"C:\\Users\\Marle\\OneDrive\\Escritorio\\notes-tailwind\\notes\\src\\components\\Logo\\Logo.jsx": {"path":"C:\\Users\\Marle\\OneDrive\\Escritorio\\notes-tailwind\\notes\\src\\components\\Logo\\Logo.jsx","statementMap":{"0":{"start":{"line":2,"column":4},"end":{"line":9,"column":5}}},"fnMap":{"0":{"name":"Logo","decl":{"start":{"line":1,"column":16},"end":{"line":1,"column":20}},"loc":{"start":{"line":1,"column":22},"end":{"line":10,"column":1}},"line":1}},"branchMap":{},"s":{"0":8},"f":{"0":8},"b":{},"_coverageSchema":"1a1c01bbd47fc00a2c39e90264f33305004495a9","hash":"94fa28bec6f565ff584b90e31d8ca151a3ff6e2c"}
,"C:\\Users\\Marle\\OneDrive\\Escritorio\\notes-tailwind\\notes\\src\\service\\firebaseConfig.js": {"path":"C:\\Users\\Marle\\OneDrive\\Escritorio\\notes-tailwind\\notes\\src\\service\\firebaseConfig.js","statementMap":{"0":{"start":{"line":9,"column":23},"end":{"line":16,"column":1}},"1":{"start":{"line":19,"column":19},"end":{"line":19,"column":48}},"2":{"start":{"line":20,"column":20},"end":{"line":20,"column":32}},"3":{"start":{"line":21,"column":18},"end":{"line":21,"column":35}}},"fnMap":{},"branchMap":{},"s":{"0":1,"1":1,"2":1,"3":1},"f":{},"b":{},"_coverageSchema":"1a1c01bbd47fc00a2c39e90264f33305004495a9","hash":"d2aa7dbbfa2f9945bda5070ff26d02b8ae9624d4"}
,"C:\\Users\\Marle\\OneDrive\\Escritorio\\notes-tailwind\\notes\\src\\service\\singInEmail.js": {"path":"C:\\Users\\Marle\\OneDrive\\Escritorio\\notes-tailwind\\notes\\src\\service\\singInEmail.js","statementMap":{"0":{"start":{"line":5,"column":2},"end":{"line":13,"column":5}},"1":{"start":{"line":6,"column":4},"end":{"line":12,"column":9}},"2":{"start":{"line":8,"column":8},"end":{"line":8,"column":21}},"3":{"start":{"line":11,"column":8},"end":{"line":11,"column":22}}},"fnMap":{"0":{"name":"singInEmail","decl":{"start":{"line":4,"column":16},"end":{"line":4,"column":27}},"loc":{"start":{"line":4,"column":41},"end":{"line":14,"column":1}},"line":4},"1":{"name":"(anonymous_1)","decl":{"start":{"line":5,"column":21},"end":{"line":5,"column":22}},"loc":{"start":{"line":5,"column":42},"end":{"line":13,"column":3}},"line":5},"2":{"name":"(anonymous_2)","decl":{"start":{"line":7,"column":12},"end":{"line":7,"column":13}},"loc":{"start":{"line":7,"column":21},"end":{"line":9,"column":7}},"line":7},"3":{"name":"(anonymous_3)","decl":{"start":{"line":10,"column":13},"end":{"line":10,"column":14}},"loc":{"start":{"line":10,"column":24},"end":{"line":12,"column":7}},"line":10}},"branchMap":{},"s":{"0":0,"1":0,"2":0,"3":0},"f":{"0":0,"1":0,"2":0,"3":0},"b":{},"_coverageSchema":"1a1c01bbd47fc00a2c39e90264f33305004495a9","hash":"26c87f331f857e304c60cc7a095737338073cf7d"}
,"C:\\Users\\Marle\\OneDrive\\Escritorio\\notes-tailwind\\notes\\src\\service\\singInGoogle.js": {"path":"C:\\Users\\Marle\\OneDrive\\Escritorio\\notes-tailwind\\notes\\src\\service\\singInGoogle.js","statementMap":{"0":{"start":{"line":5,"column":19},"end":{"line":5,"column":43}},"1":{"start":{"line":6,"column":2},"end":{"line":15,"column":4}},"2":{"start":{"line":7,"column":4},"end":{"line":14,"column":7}},"3":{"start":{"line":9,"column":18},"end":{"line":9,"column":33}},"4":{"start":{"line":10,"column":5},"end":{"line":10,"column":19}},"5":{"start":{"line":13,"column":6},"end":{"line":13,"column":20}}},"fnMap":{"0":{"name":"singInGoogle","decl":{"start":{"line":4,"column":16},"end":{"line":4,"column":28}},"loc":{"start":{"line":4,"column":31},"end":{"line":16,"column":1}},"line":4},"1":{"name":"(anonymous_1)","decl":{"start":{"line":6,"column":21},"end":{"line":6,"column":22}},"loc":{"start":{"line":6,"column":42},"end":{"line":15,"column":3}},"line":6},"2":{"name":"(anonymous_2)","decl":{"start":{"line":8,"column":10},"end":{"line":8,"column":11}},"loc":{"start":{"line":8,"column":19},"end":{"line":11,"column":5}},"line":8},"3":{"name":"(anonymous_3)","decl":{"start":{"line":12,"column":11},"end":{"line":12,"column":12}},"loc":{"start":{"line":12,"column":22},"end":{"line":14,"column":5}},"line":12}},"branchMap":{},"s":{"0":0,"1":0,"2":0,"3":0,"4":0,"5":0},"f":{"0":0,"1":0,"2":0,"3":0},"b":{},"_coverageSchema":"1a1c01bbd47fc00a2c39e90264f33305004495a9","hash":"b675c625296c6b9bb3cb7c7cc49b5352754f3514"}
}
