TN:
SF:src\components\Home\Home.jsx
FN:12,Home
FN:18,loginInGoogle
FN:20,(anonymous_2)
FN:24,(anonymous_3)
FN:26,(anonymous_4)
FN:28,(anonymous_5)
FN:32,(anonymous_6)
FN:38,handleSubmit
FN:66,(anonymous_8)
FN:76,(anonymous_9)
FNF:10
FNH:10
FNDA:8,Home
FNDA:2,loginInGoogle
FNDA:1,(anonymous_2)
FNDA:1,(anonymous_3)
FNDA:2,(anonymous_4)
FNDA:1,(anonymous_5)
FNDA:1,(anonymous_6)
FNDA:2,handleSubmit
FNDA:2,(anonymous_8)
FNDA:1,(anonymous_9)
DA:13,8
DA:14,8
DA:15,8
DA:16,8
DA:19,2
DA:21,1
DA:22,1
DA:24,1
DA:26,8
DA:27,2
DA:29,1
DA:30,1
DA:33,1
DA:34,1
DA:39,2
DA:40,2
DA:43,8
DA:66,2
DA:76,1
LF:19
LH:19
BRDA:64,0,0,8
BRDA:64,0,1,5
BRDA:74,1,0,8
BRDA:74,1,1,7
BRF:4
BRH:4
end_of_record
TN:
SF:src\components\Logo\Logo.jsx
FN:1,Logo
FNF:1
FNH:1
FNDA:8,Logo
DA:2,8
LF:1
LH:1
BRF:0
BRH:0
end_of_record
TN:
SF:src\service\firebaseConfig.js
FNF:0
FNH:0
DA:9,1
DA:19,1
DA:20,1
DA:21,1
LF:4
LH:4
BRF:0
BRH:0
end_of_record
TN:
SF:src\service\singInEmail.js
FN:4,singInEmail
FN:5,(anonymous_1)
FN:7,(anonymous_2)
FN:10,(anonymous_3)
FNF:4
FNH:0
FNDA:0,singInEmail
FNDA:0,(anonymous_1)
FNDA:0,(anonymous_2)
FNDA:0,(anonymous_3)
DA:5,0
DA:6,0
DA:8,0
DA:11,0
LF:4
LH:0
BRF:0
BRH:0
end_of_record
TN:
SF:src\service\singInGoogle.js
FN:4,singInGoogle
FN:6,(anonymous_1)
FN:8,(anonymous_2)
FN:12,(anonymous_3)
FNF:4
FNH:0
FNDA:0,singInGoogle
FNDA:0,(anonymous_1)
FNDA:0,(anonymous_2)
FNDA:0,(anonymous_3)
DA:5,0
DA:6,0
DA:7,0
DA:9,0
DA:10,0
DA:13,0
LF:6
LH:0
BRF:0
BRH:0
end_of_record
